<?xml version="1.0" encoding="UTF-8"?>
<!-- Generated by org.testng.reporters.JUnitReportReporter -->
<testsuite hostname="Manoj" failures="0" tests="1" name="testcases.FormInteractionTest" time="14.009" errors="0" timestamp="2025-07-04T11:23:21 IST" skipped="0">
  <testcase classname="testcases.FormInteractionTest" name="interactWithDemoRequestForm" time="14.009"/>
</testsuite> <!-- testcases.FormInteractionTest -->
