<?xml version="1.0" encoding="UTF-8"?>
<!-- Generated by org.testng.reporters.JUnitReportReporter -->
<testsuite hostname="Manoj" failures="0" tests="1" name="testcases.DynamicContentTest" time="12.913" errors="0" timestamp="2025-07-04T16:26:06 IST" skipped="0">
  <testcase classname="testcases.DynamicContentTest" name="verifyCookieBannerAppearsAndCloses" time="12.913"/>
</testsuite> <!-- testcases.DynamicContentTest -->
